{"/Users/mac/Desktop/WecasaTest/weCasaTest/App.js": {"path":"/Users/mac/Desktop/WecasaTest/weCasaTest/App.js","statementMap":{"0":{"start":{"line":17,"column":21},"end":{"line":17,"column":23}},"1":{"start":{"line":18,"column":14},"end":{"line":18,"column":42}},"2":{"start":{"line":21,"column":2},"end":{"line":25,"column":4}}},"fnMap":{"0":{"name":"AppRoot","decl":{"start":{"line":20,"column":9},"end":{"line":20,"column":16}},"loc":{"start":{"line":20,"column":19},"end":{"line":26,"column":1}},"line":20}},"branchMap":{},"s":{"0":1,"1":1,"2":3},"f":{"0":3},"b":{},"_coverageSchema":"1a1c01bbd47fc00a2c39e90264f33305004495a9","hash":"b758b3b5d593017abf1e47a9b8c77ca1621caef5"}
,"/Users/mac/Desktop/WecasaTest/weCasaTest/configureStore.js": {"path":"/Users/mac/Desktop/WecasaTest/weCasaTest/configureStore.js","statementMap":{"0":{"start":{"line":10,"column":25},"end":{"line":10,"column":32}},"1":{"start":{"line":11,"column":34},"end":{"line":11,"column":36}},"2":{"start":{"line":13,"column":25},"end":{"line":13,"column":70}},"3":{"start":{"line":17,"column":22},"end":{"line":17,"column":38}},"4":{"start":{"line":19,"column":20},"end":{"line":19,"column":53}},"5":{"start":{"line":21,"column":16},"end":{"line":25,"column":3}},"6":{"start":{"line":28,"column":2},"end":{"line":28,"column":37}},"7":{"start":{"line":29,"column":2},"end":{"line":29,"column":30}},"8":{"start":{"line":30,"column":2},"end":{"line":30,"column":27}},"9":{"start":{"line":40,"column":2},"end":{"line":40,"column":15}}},"fnMap":{"0":{"name":"configureStore","decl":{"start":{"line":9,"column":24},"end":{"line":9,"column":38}},"loc":{"start":{"line":9,"column":58},"end":{"line":41,"column":1}},"line":9}},"branchMap":{"0":{"loc":{"start":{"line":9,"column":39},"end":{"line":9,"column":56}},"type":"default-arg","locations":[{"start":{"line":9,"column":54},"end":{"line":9,"column":56}}],"line":9}},"s":{"0":40,"1":40,"2":40,"3":40,"4":40,"5":40,"6":40,"7":40,"8":40,"9":40},"f":{"0":40},"b":{"0":[0]},"_coverageSchema":"1a1c01bbd47fc00a2c39e90264f33305004495a9","hash":"b09fd0062aba7cd1c4845364671160b426a2b3e1"}
,"/Users/mac/Desktop/WecasaTest/weCasaTest/reducers.js": {"path":"/Users/mac/Desktop/WecasaTest/weCasaTest/reducers.js","statementMap":{"0":{"start":{"line":13,"column":22},"end":{"line":16,"column":4}},"1":{"start":{"line":18,"column":2},"end":{"line":18,"column":21}}},"fnMap":{"0":{"name":"createReducer","decl":{"start":{"line":12,"column":24},"end":{"line":12,"column":37}},"loc":{"start":{"line":12,"column":61},"end":{"line":19,"column":1}},"line":12}},"branchMap":{"0":{"loc":{"start":{"line":12,"column":38},"end":{"line":12,"column":59}},"type":"default-arg","locations":[{"start":{"line":12,"column":57},"end":{"line":12,"column":59}}],"line":12}},"s":{"0":46,"1":46},"f":{"0":46},"b":{"0":[40]},"_coverageSchema":"1a1c01bbd47fc00a2c39e90264f33305004495a9","hash":"a5c5c1f8f2c7cba9165a305c57264d0a4d066f8b"}
,"/Users/mac/Desktop/WecasaTest/weCasaTest/containers/App/actions.js": {"path":"/Users/mac/Desktop/WecasaTest/weCasaTest/containers/App/actions.js","statementMap":{},"fnMap":{},"branchMap":{},"s":{},"f":{},"b":{}}
,"/Users/mac/Desktop/WecasaTest/weCasaTest/containers/App/constants.js": {"path":"/Users/mac/Desktop/WecasaTest/weCasaTest/containers/App/constants.js","statementMap":{},"fnMap":{},"branchMap":{},"s":{},"f":{},"b":{},"_coverageSchema":"1a1c01bbd47fc00a2c39e90264f33305004495a9","hash":"61c3e01863b6ecde1e9d206536897021789546c0"}
,"/Users/mac/Desktop/WecasaTest/weCasaTest/containers/App/index.js": {"path":"/Users/mac/Desktop/WecasaTest/weCasaTest/containers/App/index.js","statementMap":{"0":{"start":{"line":17,"column":14},"end":{"line":17,"column":36}},"1":{"start":{"line":20,"column":2},"end":{"line":28,"column":4}},"2":{"start":{"line":32,"column":2},"end":{"line":36,"column":4}}},"fnMap":{"0":{"name":"RootStack","decl":{"start":{"line":19,"column":9},"end":{"line":19,"column":18}},"loc":{"start":{"line":19,"column":21},"end":{"line":29,"column":1}},"line":19},"1":{"name":"App","decl":{"start":{"line":31,"column":9},"end":{"line":31,"column":12}},"loc":{"start":{"line":31,"column":15},"end":{"line":37,"column":1}},"line":31}},"branchMap":{},"s":{"0":2,"1":3,"2":4},"f":{"0":3,"1":4},"b":{},"_coverageSchema":"1a1c01bbd47fc00a2c39e90264f33305004495a9","hash":"0c42295a9e55950de70e48fadc754ef2f56a69c9"}
,"/Users/mac/Desktop/WecasaTest/weCasaTest/containers/App/reducer.js": {"path":"/Users/mac/Desktop/WecasaTest/weCasaTest/containers/App/reducer.js","statementMap":{"0":{"start":{"line":13,"column":28},"end":{"line":13,"column":30}},"1":{"start":{"line":16,"column":19},"end":{"line":22,"column":4}},"2":{"start":{"line":17,"column":2},"end":{"line":22,"column":4}},"3":{"start":{"line":18,"column":4},"end":{"line":21,"column":5}},"4":{"start":{"line":20,"column":8},"end":{"line":20,"column":14}}},"fnMap":{"0":{"name":"(anonymous_0)","decl":{"start":{"line":16,"column":19},"end":{"line":16,"column":20}},"loc":{"start":{"line":17,"column":2},"end":{"line":22,"column":4}},"line":17},"1":{"name":"(anonymous_1)","decl":{"start":{"line":17,"column":17},"end":{"line":17,"column":18}},"loc":{"start":{"line":17,"column":34},"end":{"line":22,"column":3}},"line":17}},"branchMap":{"0":{"loc":{"start":{"line":16,"column":20},"end":{"line":16,"column":40}},"type":"default-arg","locations":[{"start":{"line":16,"column":28},"end":{"line":16,"column":40}}],"line":16},"1":{"loc":{"start":{"line":18,"column":4},"end":{"line":21,"column":5}},"type":"switch","locations":[{"start":{"line":19,"column":6},"end":{"line":20,"column":14}}],"line":18}},"s":{"0":6,"1":6,"2":145,"3":145,"4":0},"f":{"0":145,"1":145},"b":{"0":[132],"1":[0]},"_coverageSchema":"1a1c01bbd47fc00a2c39e90264f33305004495a9","hash":"93a3c1448d3d1a7a082decedcea38dcf88d7b5f2"}
,"/Users/mac/Desktop/WecasaTest/weCasaTest/containers/App/selectors.js": {"path":"/Users/mac/Desktop/WecasaTest/weCasaTest/containers/App/selectors.js","statementMap":{},"fnMap":{},"branchMap":{},"s":{},"f":{},"b":{}}
,"/Users/mac/Desktop/WecasaTest/weCasaTest/containers/HomeContainer/actions.js": {"path":"/Users/mac/Desktop/WecasaTest/weCasaTest/containers/HomeContainer/actions.js","statementMap":{"0":{"start":{"line":13,"column":2},"end":{"line":15,"column":4}},"1":{"start":{"line":19,"column":2},"end":{"line":22,"column":4}}},"fnMap":{"0":{"name":"getPrestationsData","decl":{"start":{"line":12,"column":16},"end":{"line":12,"column":34}},"loc":{"start":{"line":12,"column":37},"end":{"line":16,"column":1}},"line":12},"1":{"name":"getPrestationsDataSuccess","decl":{"start":{"line":18,"column":16},"end":{"line":18,"column":41}},"loc":{"start":{"line":18,"column":48},"end":{"line":23,"column":1}},"line":18}},"branchMap":{},"s":{"0":2,"1":0},"f":{"0":2,"1":0},"b":{},"_coverageSchema":"1a1c01bbd47fc00a2c39e90264f33305004495a9","hash":"a2ef1dd351c285352aa6f5d37f2bcfd30869ddcf"}
,"/Users/mac/Desktop/WecasaTest/weCasaTest/containers/HomeContainer/constants.js": {"path":"/Users/mac/Desktop/WecasaTest/weCasaTest/containers/HomeContainer/constants.js","statementMap":{"0":{"start":{"line":7,"column":36},"end":{"line":7,"column":76}},"1":{"start":{"line":9,"column":2},"end":{"line":9,"column":50}}},"fnMap":{},"branchMap":{},"s":{"0":2,"1":2},"f":{},"b":{},"_coverageSchema":"1a1c01bbd47fc00a2c39e90264f33305004495a9","hash":"d2cee7d52432edf27cf9d4e1498f67ffe4f7baa7"}
,"/Users/mac/Desktop/WecasaTest/weCasaTest/containers/HomeContainer/index.js": {"path":"/Users/mac/Desktop/WecasaTest/weCasaTest/containers/HomeContainer/index.js","statementMap":{"0":{"start":{"line":19,"column":0},"end":{"line":19,"column":23}},"1":{"start":{"line":21,"column":22},"end":{"line":27,"column":2}},"2":{"start":{"line":30,"column":2},"end":{"line":30,"column":54}},"3":{"start":{"line":31,"column":2},"end":{"line":31,"column":48}},"4":{"start":{"line":33,"column":29},"end":{"line":33,"column":34}},"5":{"start":{"line":35,"column":2},"end":{"line":37,"column":23}},"6":{"start":{"line":36,"column":4},"end":{"line":36,"column":21}},"7":{"start":{"line":39,"column":14},"end":{"line":39,"column":31}},"8":{"start":{"line":40,"column":2},"end":{"line":45,"column":4}},"9":{"start":{"line":48,"column":24},"end":{"line":50,"column":2}},"10":{"start":{"line":53,"column":2},"end":{"line":58,"column":4}},"11":{"start":{"line":55,"column":6},"end":{"line":55,"column":37}},"12":{"start":{"line":61,"column":20},"end":{"line":61,"column":64}}},"fnMap":{"0":{"name":"HomeContainer","decl":{"start":{"line":29,"column":16},"end":{"line":29,"column":29}},"loc":{"start":{"line":29,"column":37},"end":{"line":46,"column":1}},"line":29},"1":{"name":"(anonymous_1)","decl":{"start":{"line":35,"column":12},"end":{"line":35,"column":13}},"loc":{"start":{"line":35,"column":18},"end":{"line":37,"column":3}},"line":35},"2":{"name":"mapDispatchToProps","decl":{"start":{"line":52,"column":9},"end":{"line":52,"column":27}},"loc":{"start":{"line":52,"column":38},"end":{"line":59,"column":1}},"line":52},"3":{"name":"(anonymous_3)","decl":{"start":{"line":54,"column":20},"end":{"line":54,"column":21}},"loc":{"start":{"line":54,"column":26},"end":{"line":56,"column":5}},"line":54}},"branchMap":{},"s":{"0":2,"1":2,"2":2,"3":2,"4":2,"5":2,"6":2,"7":2,"8":2,"9":2,"10":2,"11":2,"12":2},"f":{"0":2,"1":2,"2":2,"3":2},"b":{},"_coverageSchema":"1a1c01bbd47fc00a2c39e90264f33305004495a9","hash":"ed08a1865fde61f8effa15c34a64cc2134b1fe7c"}
,"/Users/mac/Desktop/WecasaTest/weCasaTest/containers/HomeContainer/reducer.js": {"path":"/Users/mac/Desktop/WecasaTest/weCasaTest/containers/HomeContainer/reducer.js","statementMap":{"0":{"start":{"line":9,"column":28},"end":{"line":11,"column":1}},"1":{"start":{"line":14,"column":29},"end":{"line":21,"column":4}},"2":{"start":{"line":15,"column":2},"end":{"line":21,"column":4}},"3":{"start":{"line":16,"column":4},"end":{"line":20,"column":5}},"4":{"start":{"line":18,"column":8},"end":{"line":18,"column":40}},"5":{"start":{"line":19,"column":8},"end":{"line":19,"column":14}}},"fnMap":{"0":{"name":"(anonymous_0)","decl":{"start":{"line":14,"column":29},"end":{"line":14,"column":30}},"loc":{"start":{"line":15,"column":2},"end":{"line":21,"column":4}},"line":15},"1":{"name":"(anonymous_1)","decl":{"start":{"line":15,"column":17},"end":{"line":15,"column":18}},"loc":{"start":{"line":15,"column":28},"end":{"line":21,"column":3}},"line":15}},"branchMap":{"0":{"loc":{"start":{"line":14,"column":30},"end":{"line":14,"column":50}},"type":"default-arg","locations":[{"start":{"line":14,"column":38},"end":{"line":14,"column":50}}],"line":14},"1":{"loc":{"start":{"line":16,"column":4},"end":{"line":20,"column":5}},"type":"switch","locations":[{"start":{"line":17,"column":6},"end":{"line":19,"column":14}}],"line":16}},"s":{"0":2,"1":2,"2":5,"3":5,"4":0,"5":0},"f":{"0":5,"1":5},"b":{"0":[3],"1":[0]},"_coverageSchema":"1a1c01bbd47fc00a2c39e90264f33305004495a9","hash":"aece66eed06d4d49d23fa7bc7424893cefc38f00"}
,"/Users/mac/Desktop/WecasaTest/weCasaTest/containers/HomeContainer/saga.js": {"path":"/Users/mac/Desktop/WecasaTest/weCasaTest/containers/HomeContainer/saga.js","statementMap":{"0":{"start":{"line":8,"column":2},"end":{"line":14,"column":5}},"1":{"start":{"line":18,"column":2},"end":{"line":26,"column":3}},"2":{"start":{"line":20,"column":21},"end":{"line":20,"column":47}},"3":{"start":{"line":21,"column":4},"end":{"line":21,"column":47}},"4":{"start":{"line":25,"column":4},"end":{"line":25,"column":19}},"5":{"start":{"line":30,"column":2},"end":{"line":30,"column":64}}},"fnMap":{"0":{"name":"prestationsApi","decl":{"start":{"line":7,"column":9},"end":{"line":7,"column":23}},"loc":{"start":{"line":7,"column":26},"end":{"line":15,"column":1}},"line":7},"1":{"name":"getPrestations","decl":{"start":{"line":17,"column":17},"end":{"line":17,"column":31}},"loc":{"start":{"line":17,"column":34},"end":{"line":27,"column":1}},"line":17},"2":{"name":"rootSaga","decl":{"start":{"line":29,"column":25},"end":{"line":29,"column":33}},"loc":{"start":{"line":29,"column":36},"end":{"line":31,"column":1}},"line":29}},"branchMap":{},"s":{"0":2,"1":2,"2":2,"3":0,"4":0,"5":1},"f":{"0":2,"1":2,"2":1},"b":{},"_coverageSchema":"1a1c01bbd47fc00a2c39e90264f33305004495a9","hash":"7ebd287e81a7785f3defb47cacf7e69c1875aef7"}
,"/Users/mac/Desktop/WecasaTest/weCasaTest/containers/HomeContainer/selectors.js": {"path":"/Users/mac/Desktop/WecasaTest/weCasaTest/containers/HomeContainer/selectors.js","statementMap":{"0":{"start":{"line":8,"column":34},"end":{"line":9,"column":37}},"1":{"start":{"line":9,"column":2},"end":{"line":9,"column":37}},"2":{"start":{"line":19,"column":32},"end":{"line":20,"column":67}},"3":{"start":{"line":20,"column":2},"end":{"line":20,"column":67}},"4":{"start":{"line":20,"column":58},"end":{"line":20,"column":66}}},"fnMap":{"0":{"name":"(anonymous_0)","decl":{"start":{"line":8,"column":34},"end":{"line":8,"column":35}},"loc":{"start":{"line":9,"column":2},"end":{"line":9,"column":37}},"line":9},"1":{"name":"(anonymous_1)","decl":{"start":{"line":19,"column":32},"end":{"line":19,"column":33}},"loc":{"start":{"line":20,"column":2},"end":{"line":20,"column":67}},"line":20},"2":{"name":"(anonymous_2)","decl":{"start":{"line":20,"column":44},"end":{"line":20,"column":45}},"loc":{"start":{"line":20,"column":58},"end":{"line":20,"column":66}},"line":20}},"branchMap":{"0":{"loc":{"start":{"line":9,"column":2},"end":{"line":9,"column":37}},"type":"binary-expr","locations":[{"start":{"line":9,"column":2},"end":{"line":9,"column":21}},{"start":{"line":9,"column":25},"end":{"line":9,"column":37}}],"line":9}},"s":{"0":2,"1":3,"2":2,"3":2,"4":1},"f":{"0":3,"1":2,"2":1},"b":{"0":[3,1]},"_coverageSchema":"1a1c01bbd47fc00a2c39e90264f33305004495a9","hash":"802dab4740eaa88edab69857bcccc364deec1156"}
,"/Users/mac/Desktop/WecasaTest/weCasaTest/utils/RootNavigation.js": {"path":"/Users/mac/Desktop/WecasaTest/weCasaTest/utils/RootNavigation.js","statementMap":{"0":{"start":{"line":3,"column":29},"end":{"line":3,"column":46}},"1":{"start":{"line":6,"column":2},"end":{"line":6,"column":48}}},"fnMap":{"0":{"name":"navigate","decl":{"start":{"line":5,"column":16},"end":{"line":5,"column":24}},"loc":{"start":{"line":5,"column":39},"end":{"line":7,"column":1}},"line":5}},"branchMap":{},"s":{"0":2,"1":0},"f":{"0":0},"b":{},"_coverageSchema":"1a1c01bbd47fc00a2c39e90264f33305004495a9","hash":"af702d20d6eca2f1c337a52668e27a25f37c976d"}
,"/Users/mac/Desktop/WecasaTest/weCasaTest/utils/checkStore.js": {"path":"/Users/mac/Desktop/WecasaTest/weCasaTest/utils/checkStore.js","statementMap":{"0":{"start":{"line":8,"column":16},"end":{"line":16,"column":3}},"1":{"start":{"line":17,"column":2},"end":{"line":20,"column":4}}},"fnMap":{"0":{"name":"checkStore","decl":{"start":{"line":7,"column":24},"end":{"line":7,"column":34}},"loc":{"start":{"line":7,"column":42},"end":{"line":21,"column":1}},"line":7}},"branchMap":{},"s":{"0":17,"1":17},"f":{"0":17},"b":{},"_coverageSchema":"1a1c01bbd47fc00a2c39e90264f33305004495a9","hash":"7fc21633039cdbc77b81f7870925c5392d116968"}
,"/Users/mac/Desktop/WecasaTest/weCasaTest/utils/constants.js": {"path":"/Users/mac/Desktop/WecasaTest/weCasaTest/utils/constants.js","statementMap":{"0":{"start":{"line":1,"column":34},"end":{"line":1,"column":70}},"1":{"start":{"line":2,"column":22},"end":{"line":2,"column":46}},"2":{"start":{"line":3,"column":33},"end":{"line":3,"column":68}}},"fnMap":{},"branchMap":{},"s":{"0":4,"1":4,"2":4},"f":{},"b":{},"_coverageSchema":"1a1c01bbd47fc00a2c39e90264f33305004495a9","hash":"522d620c9daed219db97f21f82a81e87ba4ff824"}
,"/Users/mac/Desktop/WecasaTest/weCasaTest/utils/injectReducer.js": {"path":"/Users/mac/Desktop/WecasaTest/weCasaTest/utils/injectReducer.js","statementMap":{"0":{"start":{"line":15,"column":2},"end":{"line":37,"column":3}},"1":{"start":{"line":17,"column":32},"end":{"line":17,"column":48}},"2":{"start":{"line":19,"column":27},"end":{"line":19,"column":44}},"3":{"start":{"line":21,"column":27},"end":{"line":23,"column":9}},"4":{"start":{"line":26,"column":8},"end":{"line":26,"column":30}},"5":{"start":{"line":28,"column":8},"end":{"line":28,"column":64}},"6":{"start":{"line":32,"column":8},"end":{"line":32,"column":52}},"7":{"start":{"line":36,"column":4},"end":{"line":36,"column":67}},"8":{"start":{"line":39,"column":25},"end":{"line":44,"column":1}},"9":{"start":{"line":40,"column":18},"end":{"line":40,"column":53}},"10":{"start":{"line":41,"column":2},"end":{"line":43,"column":9}},"11":{"start":{"line":42,"column":4},"end":{"line":42,"column":60}}},"fnMap":{"0":{"name":"(anonymous_0)","decl":{"start":{"line":14,"column":15},"end":{"line":14,"column":16}},"loc":{"start":{"line":15,"column":2},"end":{"line":37,"column":3}},"line":15},"1":{"name":"(anonymous_1)","decl":{"start":{"line":15,"column":2},"end":{"line":15,"column":3}},"loc":{"start":{"line":15,"column":24},"end":{"line":37,"column":3}},"line":15},"2":{"name":"(anonymous_2)","decl":{"start":{"line":25,"column":6},"end":{"line":25,"column":7}},"loc":{"start":{"line":25,"column":34},"end":{"line":29,"column":7}},"line":25},"3":{"name":"(anonymous_3)","decl":{"start":{"line":31,"column":6},"end":{"line":31,"column":7}},"loc":{"start":{"line":31,"column":15},"end":{"line":33,"column":7}},"line":31},"4":{"name":"(anonymous_4)","decl":{"start":{"line":39,"column":25},"end":{"line":39,"column":26}},"loc":{"start":{"line":39,"column":47},"end":{"line":44,"column":1}},"line":39},"5":{"name":"(anonymous_5)","decl":{"start":{"line":41,"column":18},"end":{"line":41,"column":19}},"loc":{"start":{"line":41,"column":24},"end":{"line":43,"column":3}},"line":41}},"branchMap":{"0":{"loc":{"start":{"line":22,"column":8},"end":{"line":22,"column":76}},"type":"binary-expr","locations":[{"start":{"line":22,"column":8},"end":{"line":22,"column":36}},{"start":{"line":22,"column":40},"end":{"line":22,"column":61}},{"start":{"line":22,"column":65},"end":{"line":22,"column":76}}],"line":22}},"s":{"0":4,"1":4,"2":4,"3":4,"4":2,"5":2,"6":2,"7":4,"8":3,"9":2,"10":2,"11":2},"f":{"0":4,"1":4,"2":2,"3":2,"4":2,"5":2},"b":{"0":[4,4,1]},"_coverageSchema":"1a1c01bbd47fc00a2c39e90264f33305004495a9","hash":"0c9c52e6fdbaf07b6a9d273f72f2f83aeceb1f22"}
,"/Users/mac/Desktop/WecasaTest/weCasaTest/utils/injectSaga.js": {"path":"/Users/mac/Desktop/WecasaTest/weCasaTest/utils/injectSaga.js","statementMap":{"0":{"start":{"line":20,"column":2},"end":{"line":48,"column":3}},"1":{"start":{"line":22,"column":32},"end":{"line":22,"column":48}},"2":{"start":{"line":24,"column":27},"end":{"line":24,"column":44}},"3":{"start":{"line":26,"column":27},"end":{"line":28,"column":9}},"4":{"start":{"line":31,"column":8},"end":{"line":31,"column":30}},"5":{"start":{"line":33,"column":8},"end":{"line":33,"column":53}},"6":{"start":{"line":35,"column":8},"end":{"line":35,"column":67}},"7":{"start":{"line":39,"column":8},"end":{"line":39,"column":38}},"8":{"start":{"line":43,"column":8},"end":{"line":43,"column":52}},"9":{"start":{"line":47,"column":4},"end":{"line":47,"column":62}},"10":{"start":{"line":50,"column":22},"end":{"line":60,"column":1}},"11":{"start":{"line":51,"column":18},"end":{"line":51,"column":53}},"12":{"start":{"line":52,"column":2},"end":{"line":59,"column":9}},"13":{"start":{"line":53,"column":22},"end":{"line":53,"column":49}},"14":{"start":{"line":54,"column":4},"end":{"line":54,"column":46}},"15":{"start":{"line":56,"column":4},"end":{"line":58,"column":6}},"16":{"start":{"line":57,"column":6},"end":{"line":57,"column":31}}},"fnMap":{"0":{"name":"(anonymous_0)","decl":{"start":{"line":19,"column":15},"end":{"line":19,"column":16}},"loc":{"start":{"line":20,"column":2},"end":{"line":48,"column":3}},"line":20},"1":{"name":"(anonymous_1)","decl":{"start":{"line":20,"column":2},"end":{"line":20,"column":3}},"loc":{"start":{"line":20,"column":24},"end":{"line":48,"column":3}},"line":20},"2":{"name":"(anonymous_2)","decl":{"start":{"line":30,"column":6},"end":{"line":30,"column":7}},"loc":{"start":{"line":30,"column":34},"end":{"line":36,"column":7}},"line":30},"3":{"name":"(anonymous_3)","decl":{"start":{"line":38,"column":6},"end":{"line":38,"column":7}},"loc":{"start":{"line":38,"column":29},"end":{"line":40,"column":7}},"line":38},"4":{"name":"(anonymous_4)","decl":{"start":{"line":42,"column":6},"end":{"line":42,"column":7}},"loc":{"start":{"line":42,"column":15},"end":{"line":44,"column":7}},"line":42},"5":{"name":"(anonymous_5)","decl":{"start":{"line":50,"column":22},"end":{"line":50,"column":23}},"loc":{"start":{"line":50,"column":47},"end":{"line":60,"column":1}},"line":50},"6":{"name":"(anonymous_6)","decl":{"start":{"line":52,"column":18},"end":{"line":52,"column":19}},"loc":{"start":{"line":52,"column":24},"end":{"line":59,"column":3}},"line":52},"7":{"name":"(anonymous_7)","decl":{"start":{"line":56,"column":11},"end":{"line":56,"column":12}},"loc":{"start":{"line":56,"column":17},"end":{"line":58,"column":5}},"line":56}},"branchMap":{"0":{"loc":{"start":{"line":27,"column":8},"end":{"line":27,"column":76}},"type":"binary-expr","locations":[{"start":{"line":27,"column":8},"end":{"line":27,"column":36}},{"start":{"line":27,"column":40},"end":{"line":27,"column":61}},{"start":{"line":27,"column":65},"end":{"line":27,"column":76}}],"line":27}},"s":{"0":5,"1":5,"2":5,"3":5,"4":3,"5":3,"6":3,"7":1,"8":3,"9":5,"10":3,"11":2,"12":2,"13":2,"14":2,"15":2,"16":1},"f":{"0":5,"1":5,"2":3,"3":1,"4":3,"5":2,"6":2,"7":1},"b":{"0":[5,5,1]},"_coverageSchema":"1a1c01bbd47fc00a2c39e90264f33305004495a9","hash":"104cc92b6f2cde9e5c1d76c6bc48aee0474c1252"}
,"/Users/mac/Desktop/WecasaTest/weCasaTest/utils/reducerInjectors.js": {"path":"/Users/mac/Desktop/WecasaTest/weCasaTest/utils/reducerInjectors.js","statementMap":{"0":{"start":{"line":8,"column":2},"end":{"line":27,"column":4}},"1":{"start":{"line":9,"column":4},"end":{"line":11,"column":5}},"2":{"start":{"line":10,"column":6},"end":{"line":10,"column":24}},"3":{"start":{"line":13,"column":4},"end":{"line":16,"column":6}},"4":{"start":{"line":19,"column":4},"end":{"line":23,"column":13}},"5":{"start":{"line":23,"column":6},"end":{"line":23,"column":13}},"6":{"start":{"line":25,"column":4},"end":{"line":25,"column":42}},"7":{"start":{"line":26,"column":4},"end":{"line":26,"column":64}},"8":{"start":{"line":31,"column":2},"end":{"line":31,"column":20}},"9":{"start":{"line":33,"column":2},"end":{"line":35,"column":4}}},"fnMap":{"0":{"name":"injectReducerFactory","decl":{"start":{"line":7,"column":16},"end":{"line":7,"column":36}},"loc":{"start":{"line":7,"column":53},"end":{"line":28,"column":1}},"line":7},"1":{"name":"injectReducer","decl":{"start":{"line":8,"column":18},"end":{"line":8,"column":31}},"loc":{"start":{"line":8,"column":46},"end":{"line":27,"column":3}},"line":8},"2":{"name":"getInjectors","decl":{"start":{"line":30,"column":24},"end":{"line":30,"column":36}},"loc":{"start":{"line":30,"column":44},"end":{"line":36,"column":1}},"line":30}},"branchMap":{"0":{"loc":{"start":{"line":9,"column":4},"end":{"line":11,"column":5}},"type":"if","locations":[{"start":{"line":9,"column":4},"end":{"line":11,"column":5}},{"start":{"line":9,"column":4},"end":{"line":11,"column":5}}],"line":9},"1":{"loc":{"start":{"line":14,"column":6},"end":{"line":14,"column":59}},"type":"binary-expr","locations":[{"start":{"line":14,"column":6},"end":{"line":14,"column":19}},{"start":{"line":14,"column":23},"end":{"line":14,"column":36}},{"start":{"line":14,"column":40},"end":{"line":14,"column":59}}],"line":14},"2":{"loc":{"start":{"line":19,"column":4},"end":{"line":23,"column":13}},"type":"if","locations":[{"start":{"line":19,"column":4},"end":{"line":23,"column":13}},{"start":{"line":19,"column":4},"end":{"line":23,"column":13}}],"line":19},"3":{"loc":{"start":{"line":20,"column":6},"end":{"line":21,"column":45}},"type":"binary-expr","locations":[{"start":{"line":20,"column":6},"end":{"line":20,"column":38}},{"start":{"line":21,"column":6},"end":{"line":21,"column":45}}],"line":20}},"s":{"0":10,"1":12,"2":1,"3":11,"4":8,"5":2,"6":6,"7":6,"8":4,"9":3},"f":{"0":10,"1":12,"2":4},"b":{"0":[1,11],"1":[11,9,8],"2":[2,6],"3":[8,3]},"_coverageSchema":"1a1c01bbd47fc00a2c39e90264f33305004495a9","hash":"ddec5bca39d225e699470e3c509632f87b0c3994"}
,"/Users/mac/Desktop/WecasaTest/weCasaTest/utils/sagaInjectors.js": {"path":"/Users/mac/Desktop/WecasaTest/weCasaTest/utils/sagaInjectors.js","statementMap":{"0":{"start":{"line":7,"column":21},"end":{"line":7,"column":68}},"1":{"start":{"line":9,"column":17},"end":{"line":13,"column":3}},"2":{"start":{"line":10,"column":2},"end":{"line":13,"column":3}},"3":{"start":{"line":15,"column":24},"end":{"line":24,"column":1}},"4":{"start":{"line":16,"column":16},"end":{"line":19,"column":3}},"5":{"start":{"line":18,"column":20},"end":{"line":18,"column":65}},"6":{"start":{"line":20,"column":2},"end":{"line":23,"column":4}},"7":{"start":{"line":27,"column":2},"end":{"line":46,"column":4}},"8":{"start":{"line":28,"column":4},"end":{"line":30,"column":5}},"9":{"start":{"line":29,"column":6},"end":{"line":29,"column":24}},"10":{"start":{"line":32,"column":26},"end":{"line":32,"column":76}},"11":{"start":{"line":33,"column":21},"end":{"line":33,"column":34}},"12":{"start":{"line":35,"column":4},"end":{"line":35,"column":18}},"13":{"start":{"line":36,"column":4},"end":{"line":36,"column":35}},"14":{"start":{"line":38,"column":18},"end":{"line":38,"column":47}},"15":{"start":{"line":40,"column":4},"end":{"line":45,"column":5}},"16":{"start":{"line":41,"column":6},"end":{"line":44,"column":8}},"17":{"start":{"line":50,"column":2},"end":{"line":62,"column":4}},"18":{"start":{"line":51,"column":4},"end":{"line":53,"column":5}},"19":{"start":{"line":52,"column":6},"end":{"line":52,"column":24}},"20":{"start":{"line":55,"column":4},"end":{"line":55,"column":18}},"21":{"start":{"line":57,"column":4},"end":{"line":61,"column":5}},"22":{"start":{"line":58,"column":25},"end":{"line":58,"column":49}},"23":{"start":{"line":59,"column":6},"end":{"line":60,"column":7}},"24":{"start":{"line":66,"column":2},"end":{"line":66,"column":20}},"25":{"start":{"line":68,"column":2},"end":{"line":71,"column":4}}},"fnMap":{"0":{"name":"(anonymous_0)","decl":{"start":{"line":9,"column":17},"end":{"line":9,"column":18}},"loc":{"start":{"line":10,"column":2},"end":{"line":13,"column":3}},"line":10},"1":{"name":"(anonymous_1)","decl":{"start":{"line":15,"column":24},"end":{"line":15,"column":25}},"loc":{"start":{"line":15,"column":40},"end":{"line":24,"column":1}},"line":15},"2":{"name":"(anonymous_2)","decl":{"start":{"line":18,"column":10},"end":{"line":18,"column":11}},"loc":{"start":{"line":18,"column":20},"end":{"line":18,"column":65}},"line":18},"3":{"name":"injectSagaFactory","decl":{"start":{"line":26,"column":16},"end":{"line":26,"column":33}},"loc":{"start":{"line":26,"column":50},"end":{"line":47,"column":1}},"line":26},"4":{"name":"injectSaga","decl":{"start":{"line":27,"column":18},"end":{"line":27,"column":28}},"loc":{"start":{"line":27,"column":57},"end":{"line":46,"column":3}},"line":27},"5":{"name":"ejectSagaFactory","decl":{"start":{"line":49,"column":16},"end":{"line":49,"column":32}},"loc":{"start":{"line":49,"column":49},"end":{"line":63,"column":1}},"line":49},"6":{"name":"ejectSaga","decl":{"start":{"line":50,"column":18},"end":{"line":50,"column":27}},"loc":{"start":{"line":50,"column":33},"end":{"line":62,"column":3}},"line":50},"7":{"name":"getInjectors","decl":{"start":{"line":65,"column":24},"end":{"line":65,"column":36}},"loc":{"start":{"line":65,"column":44},"end":{"line":72,"column":1}},"line":65}},"branchMap":{"0":{"loc":{"start":{"line":11,"column":4},"end":{"line":11,"column":34}},"type":"binary-expr","locations":[{"start":{"line":11,"column":4},"end":{"line":11,"column":17}},{"start":{"line":11,"column":21},"end":{"line":11,"column":34}}],"line":11},"1":{"loc":{"start":{"line":18,"column":20},"end":{"line":18,"column":65}},"type":"binary-expr","locations":[{"start":{"line":18,"column":20},"end":{"line":18,"column":34}},{"start":{"line":18,"column":38},"end":{"line":18,"column":65}}],"line":18},"2":{"loc":{"start":{"line":27,"column":34},"end":{"line":27,"column":49}},"type":"default-arg","locations":[{"start":{"line":27,"column":47},"end":{"line":27,"column":49}}],"line":27},"3":{"loc":{"start":{"line":28,"column":4},"end":{"line":30,"column":5}},"type":"if","locations":[{"start":{"line":28,"column":4},"end":{"line":30,"column":5}},{"start":{"line":28,"column":4},"end":{"line":30,"column":5}}],"line":28},"4":{"loc":{"start":{"line":32,"column":49},"end":{"line":32,"column":74}},"type":"binary-expr","locations":[{"start":{"line":32,"column":49},"end":{"line":32,"column":64}},{"start":{"line":32,"column":68},"end":{"line":32,"column":74}}],"line":32},"5":{"loc":{"start":{"line":40,"column":4},"end":{"line":45,"column":5}},"type":"if","locations":[{"start":{"line":40,"column":4},"end":{"line":45,"column":5}},{"start":{"line":40,"column":4},"end":{"line":45,"column":5}}],"line":40},"6":{"loc":{"start":{"line":51,"column":4},"end":{"line":53,"column":5}},"type":"if","locations":[{"start":{"line":51,"column":4},"end":{"line":53,"column":5}},{"start":{"line":51,"column":4},"end":{"line":53,"column":5}}],"line":51},"7":{"loc":{"start":{"line":57,"column":4},"end":{"line":61,"column":5}},"type":"if","locations":[{"start":{"line":57,"column":4},"end":{"line":61,"column":5}},{"start":{"line":57,"column":4},"end":{"line":61,"column":5}}],"line":57},"8":{"loc":{"start":{"line":59,"column":6},"end":{"line":60,"column":7}},"type":"if","locations":[{"start":{"line":59,"column":6},"end":{"line":60,"column":7}},{"start":{"line":59,"column":6},"end":{"line":60,"column":7}}],"line":59},"9":{"loc":{"start":{"line":59,"column":10},"end":{"line":59,"column":55}},"type":"binary-expr","locations":[{"start":{"line":59,"column":10},"end":{"line":59,"column":25}},{"start":{"line":59,"column":29},"end":{"line":59,"column":55}}],"line":59}},"s":{"0":4,"1":4,"2":39,"3":4,"4":26,"5":26,"6":26,"7":23,"8":29,"9":1,"10":28,"11":28,"12":28,"13":26,"14":22,"15":22,"16":15,"17":23,"18":12,"19":1,"20":11,"21":9,"22":8,"23":8,"24":4,"25":3},"f":{"0":39,"1":26,"2":26,"3":23,"4":29,"5":23,"6":12,"7":4},"b":{"0":[39,37],"1":[26,25],"2":[1],"3":[1,28],"4":[28,12],"5":[15,7],"6":[1,11],"7":[8,1],"8":[3,5],"9":[8,8]},"_coverageSchema":"1a1c01bbd47fc00a2c39e90264f33305004495a9","hash":"53b13c11bee327bf286de5a7fade44e83916b416"}
}
