TN:
SF:App.js
FN:20,AppRoot
FNF:1
FNH:1
FNDA:3,AppRoot
DA:17,1
DA:18,1
DA:21,3
LF:3
LH:3
BRF:0
BRH:0
end_of_record
TN:
SF:configureStore.js
FN:9,configureStore
FNF:1
FNH:1
FNDA:40,configureStore
DA:10,40
DA:11,40
DA:13,40
DA:17,40
DA:19,40
DA:21,40
DA:28,40
DA:29,40
DA:30,40
DA:40,40
LF:10
LH:10
BRDA:9,0,0,0
BRF:1
BRH:0
end_of_record
TN:
SF:reducers.js
FN:12,createReducer
FNF:1
FNH:1
FNDA:46,createReducer
DA:13,46
DA:18,46
LF:2
LH:2
BRDA:12,0,0,40
BRF:1
BRH:1
end_of_record
TN:
SF:components/Prestation/index.js
FN:76,Prestation
FNF:1
FNH:0
FNDA:0,Prestation
DA:22,3
DA:24,3
DA:77,0
LF:3
LH:2
BRF:0
BRH:0
end_of_record
TN:
SF:configs/Paths.js
FNF:0
FNH:0
DA:1,2
LF:1
LH:1
BRF:0
BRH:0
end_of_record
TN:
SF:containers/App/actions.js
FNF:0
FNH:0
LF:0
LH:0
BRF:0
BRH:0
end_of_record
TN:
SF:containers/App/constants.js
FNF:0
FNH:0
LF:0
LH:0
BRF:0
BRH:0
end_of_record
TN:
SF:containers/App/index.js
FN:19,RootStack
FN:31,App
FNF:2
FNH:2
FNDA:3,RootStack
FNDA:4,App
DA:17,2
DA:20,3
DA:32,4
LF:3
LH:3
BRF:0
BRH:0
end_of_record
TN:
SF:containers/App/reducer.js
FN:16,(anonymous_0)
FN:17,(anonymous_1)
FNF:2
FNH:2
FNDA:145,(anonymous_0)
FNDA:145,(anonymous_1)
DA:13,6
DA:16,6
DA:17,145
DA:18,145
DA:20,0
LF:5
LH:4
BRDA:16,0,0,132
BRDA:18,1,0,0
BRF:2
BRH:1
end_of_record
TN:
SF:containers/App/selectors.js
FNF:0
FNH:0
LF:0
LH:0
BRF:0
BRH:0
end_of_record
TN:
SF:containers/HomeContainer/actions.js
FN:12,getPrestationsData
FN:18,getPrestationsDataSuccess
FNF:2
FNH:1
FNDA:2,getPrestationsData
FNDA:0,getPrestationsDataSuccess
DA:13,2
DA:19,0
LF:2
LH:1
BRF:0
BRH:0
end_of_record
TN:
SF:containers/HomeContainer/constants.js
FNF:0
FNH:0
DA:7,2
DA:9,2
LF:2
LH:2
BRF:0
BRH:0
end_of_record
TN:
SF:containers/HomeContainer/index.js
FN:46,HomeContainer
FN:59,(anonymous_1)
FN:63,(anonymous_2)
FN:111,(anonymous_3)
FN:116,(anonymous_4)
FN:128,(anonymous_5)
FN:133,(anonymous_6)
FN:145,(anonymous_7)
FN:150,(anonymous_8)
FN:161,mapDispatchToProps
FN:163,(anonymous_10)
FNF:11
FNH:5
FNDA:3,HomeContainer
FNDA:2,(anonymous_1)
FNDA:2,(anonymous_2)
FNDA:0,(anonymous_3)
FNDA:0,(anonymous_4)
FNDA:0,(anonymous_5)
FNDA:0,(anonymous_6)
FNDA:0,(anonymous_7)
FNDA:0,(anonymous_8)
FNDA:2,mapDispatchToProps
FNDA:2,(anonymous_10)
DA:21,2
DA:23,2
DA:47,3
DA:48,2
DA:50,2
DA:51,2
DA:52,2
DA:53,2
DA:54,2
DA:55,2
DA:57,2
DA:59,2
DA:60,2
DA:63,2
DA:64,2
DA:65,0
DA:70,0
DA:75,0
DA:80,0
DA:85,0
DA:90,0
DA:96,2
DA:99,2
DA:100,2
DA:112,0
DA:116,0
DA:129,0
DA:133,0
DA:146,0
DA:150,0
DA:157,2
DA:162,2
DA:164,2
DA:170,2
LF:34
LH:22
BRDA:64,0,0,0
BRDA:64,0,1,2
BRF:2
BRH:1
end_of_record
TN:
SF:containers/HomeContainer/reducer.js
FN:14,(anonymous_0)
FN:15,(anonymous_1)
FNF:2
FNH:2
FNDA:5,(anonymous_0)
FNDA:5,(anonymous_1)
DA:9,2
DA:14,2
DA:15,5
DA:16,5
DA:18,0
DA:19,0
LF:6
LH:4
BRDA:14,0,0,3
BRDA:16,1,0,0
BRF:2
BRH:1
end_of_record
TN:
SF:containers/HomeContainer/saga.js
FN:8,prestationsApi
FN:18,getPrestations
FN:27,rootSaga
FNF:3
FNH:3
FNDA:2,prestationsApi
FNDA:2,getPrestations
FNDA:1,rootSaga
DA:9,2
DA:19,2
DA:20,2
DA:21,0
DA:23,0
DA:28,1
LF:6
LH:4
BRF:0
BRH:0
end_of_record
TN:
SF:containers/HomeContainer/selectors.js
FN:8,(anonymous_0)
FN:19,(anonymous_1)
FN:20,(anonymous_2)
FNF:3
FNH:3
FNDA:3,(anonymous_0)
FNDA:2,(anonymous_1)
FNDA:1,(anonymous_2)
DA:8,2
DA:9,3
DA:19,2
DA:20,2
LF:4
LH:4
BRDA:9,0,0,3
BRDA:9,0,1,1
BRF:2
BRH:2
end_of_record
TN:
SF:utils/RootNavigation.js
FN:5,navigate
FNF:1
FNH:0
FNDA:0,navigate
DA:3,2
DA:6,0
LF:2
LH:1
BRF:0
BRH:0
end_of_record
TN:
SF:utils/checkStore.js
FN:7,checkStore
FNF:1
FNH:1
FNDA:17,checkStore
DA:8,17
DA:17,17
LF:2
LH:2
BRF:0
BRH:0
end_of_record
TN:
SF:utils/constants.js
FNF:0
FNH:0
DA:1,4
DA:2,4
DA:3,4
LF:3
LH:3
BRF:0
BRH:0
end_of_record
TN:
SF:utils/injectReducer.js
FN:14,(anonymous_0)
FN:15,(anonymous_1)
FN:25,(anonymous_2)
FN:31,(anonymous_3)
FN:39,(anonymous_4)
FN:41,(anonymous_5)
FNF:6
FNH:6
FNDA:4,(anonymous_0)
FNDA:4,(anonymous_1)
FNDA:2,(anonymous_2)
FNDA:2,(anonymous_3)
FNDA:3,(anonymous_4)
FNDA:2,(anonymous_5)
DA:15,4
DA:17,4
DA:19,4
DA:21,4
DA:26,2
DA:28,2
DA:32,2
DA:36,4
DA:39,3
DA:40,3
DA:41,2
DA:42,2
LF:12
LH:12
BRDA:22,0,0,4
BRDA:22,0,1,4
BRDA:22,0,2,1
BRF:3
BRH:3
end_of_record
TN:
SF:utils/injectSaga.js
FN:19,(anonymous_0)
FN:20,(anonymous_1)
FN:30,(anonymous_2)
FN:38,(anonymous_3)
FN:42,(anonymous_4)
FN:50,(anonymous_5)
FN:52,(anonymous_6)
FN:56,(anonymous_7)
FNF:8
FNH:8
FNDA:5,(anonymous_0)
FNDA:5,(anonymous_1)
FNDA:3,(anonymous_2)
FNDA:1,(anonymous_3)
FNDA:3,(anonymous_4)
FNDA:2,(anonymous_5)
FNDA:2,(anonymous_6)
FNDA:1,(anonymous_7)
DA:20,5
DA:22,5
DA:24,5
DA:26,5
DA:31,3
DA:33,3
DA:35,3
DA:39,1
DA:43,3
DA:47,5
DA:50,3
DA:51,2
DA:52,2
DA:53,2
DA:54,2
DA:56,2
DA:57,1
LF:17
LH:17
BRDA:27,0,0,5
BRDA:27,0,1,5
BRDA:27,0,2,1
BRF:3
BRH:3
end_of_record
TN:
SF:utils/reducerInjectors.js
FN:7,injectReducerFactory
FN:8,injectReducer
FN:30,getInjectors
FNF:3
FNH:3
FNDA:10,injectReducerFactory
FNDA:12,injectReducer
FNDA:4,getInjectors
DA:8,10
DA:9,12
DA:10,1
DA:13,11
DA:19,8
DA:23,2
DA:25,6
DA:26,6
DA:31,4
DA:33,3
LF:10
LH:10
BRDA:9,0,0,1
BRDA:9,0,1,11
BRDA:14,1,0,11
BRDA:14,1,1,9
BRDA:14,1,2,8
BRDA:19,2,0,2
BRDA:19,2,1,6
BRDA:20,3,0,8
BRDA:20,3,1,3
BRF:9
BRH:9
end_of_record
TN:
SF:utils/sagaInjectors.js
FN:9,(anonymous_0)
FN:15,(anonymous_1)
FN:18,(anonymous_2)
FN:26,injectSagaFactory
FN:27,injectSaga
FN:49,ejectSagaFactory
FN:50,ejectSaga
FN:65,getInjectors
FNF:8
FNH:8
FNDA:39,(anonymous_0)
FNDA:26,(anonymous_1)
FNDA:26,(anonymous_2)
FNDA:23,injectSagaFactory
FNDA:29,injectSaga
FNDA:23,ejectSagaFactory
FNDA:12,ejectSaga
FNDA:4,getInjectors
DA:7,4
DA:9,4
DA:10,39
DA:15,4
DA:16,26
DA:18,26
DA:20,26
DA:27,23
DA:28,29
DA:29,1
DA:32,28
DA:33,28
DA:35,28
DA:36,26
DA:38,22
DA:40,22
DA:41,15
DA:50,23
DA:51,12
DA:52,1
DA:55,11
DA:57,9
DA:58,8
DA:59,8
DA:66,4
DA:68,3
LF:26
LH:26
BRDA:11,0,0,39
BRDA:11,0,1,37
BRDA:18,1,0,26
BRDA:18,1,1,25
BRDA:27,2,0,1
BRDA:28,3,0,1
BRDA:28,3,1,28
BRDA:32,4,0,28
BRDA:32,4,1,12
BRDA:40,5,0,15
BRDA:40,5,1,7
BRDA:51,6,0,1
BRDA:51,6,1,11
BRDA:57,7,0,8
BRDA:57,7,1,1
BRDA:59,8,0,3
BRDA:59,8,1,5
BRDA:59,9,0,8
BRDA:59,9,1,8
BRF:19
BRH:19
end_of_record
